2023-01-31 18:49:47.667 - DBeaver 22.3.2.202301060755 is starting
2023-01-31 18:49:47.669 - OS: Windows 10 10.0 (amd64)
2023-01-31 18:49:47.669 - Java version: 11.0.12 by Eclipse Foundation (64bit)
2023-01-31 18:49:47.669 - Install path: 'C:\gb_0900_ksh\dbms\oracle\resource\dbeaver'
2023-01-31 18:49:47.670 - Instance path: 'file:/C:/gb_0900_ksh/dbms/oracle/workspace/'
2023-01-31 18:49:47.670 - Memory available 64Mb/1024Mb
2023-01-31 18:49:47.685 - Create display
> Start Eclipse IDE UI [org.eclipse.ui.ide 3.20.0.v20221027-2208]
2023-01-31 18:49:47.809 - Initializing DBeaver 22.3.2
2023-01-31 18:49:47.810 - Host plugin: org.jkiss.dbeaver.ui.app.standalone 22.3.2.202301060755
2023-01-31 18:49:47.810 - Initialize desktop platform...
2023-01-31 18:49:47.931 - BounceCastle bundle found. Use JCE provider BC
> Start Core File Systems [org.eclipse.core.filesystem 1.9.500.v20220817-1539]
> Start Core Resource Management [org.eclipse.core.resources 3.18.100.v20221025-2047]
> Start 팀 지원 핵심 [org.eclipse.team.core 3.9.600.v20220902-2219]
> Start DBeaver UI Navigator [org.jkiss.dbeaver.ui.navigator 1.0.97.202301060755]
2023-01-31 18:49:48.096 - Initialize base platform...
> Start Expression Language [org.eclipse.core.expressions 3.8.200.v20220613-1047]
2023-01-31 18:49:48.113 - Platform initialized (303ms)
> Start DBeaver UI Editors - Base [org.jkiss.dbeaver.ui.editors.base 1.0.97.202301060755]
2023-01-31 18:49:48.119 - Starting RMI server at 50474
2023-01-31 18:49:48.263 - Run workbench
> Start Eclipse e4 작업영역 SWT [org.eclipse.e4.ui.workbench.swt 0.16.700.v20221024-2137]
> Start Eclipse Application Services [org.eclipse.e4.core.services 2.3.400.v20220915-1347]
> Start Eclipse UI Application Services [org.eclipse.e4.ui.services 1.5.100.v20221024-2137]
> Start Eclipse e4 Progress View [org.eclipse.e4.ui.progress 0.3.600.v20221024-2137]
> Start EMF XML/XMI Persistence [org.eclipse.emf.ecore.xmi 2.17.0.v20220817-1334]
> Start Eclipse CSS SWT Theme Support [org.eclipse.e4.ui.css.swt.theme 0.13.200.v20221024-2137]
> Start Eclipse e4 작업영역 기능 추가 [org.eclipse.e4.ui.workbench.addons.swt 1.4.500.v20221028-0801]
> Start Eclipse e4 작업영역 SWT 렌더러 [org.eclipse.e4.ui.workbench.renderers.swt 0.15.700.v20221024-2137]
> Start Eclipse Bindings Support [org.eclipse.e4.ui.bindings 0.13.200.v20221024-2137]
> Start Eclipse Dependency Injection Extensions [org.eclipse.e4.core.di.extensions 0.17.200.v20220613-1008]
> Start Eclipse CSS SWT Support [org.eclipse.e4.ui.css.swt 0.14.700.v20221102-0748]
> Start DBeaver UI [org.jkiss.dbeaver.ui 5.1.112.202301060755]
> Start Java Native Access [com.sun.jna 5.12.1.v20221103-2317]
Warning: NLS unused message: BlockedJobsDialog_UserInterfaceTreeElement in: org.eclipse.ui.internal.progress.messages
2023-01-31 18:49:49.556 - Configure workbench window
> Start 도움말 시스템 코어 [org.eclipse.help 3.9.100.v20210721-0601]
2023-01-31 18:49:49.636 - Create actions
2023-01-31 18:49:49.641 - Disable Eclipse action set 'org.eclipse.ui.edit.text.actionSet.annotationNavigation'
2023-01-31 18:49:49.641 - Disable Eclipse action set 'org.eclipse.ui.WorkingSetActionSet'
2023-01-31 18:49:49.641 - Disable Eclipse action set 'org.eclipse.ui.actionSet.openFiles'
2023-01-31 18:49:49.960 - Initialize workbench window
2023-01-31 18:49:49.965 - Finish initialization
> Start 기본 문서 편집기 [org.eclipse.ui.editors 3.14.400.v20220730-1844]
> Start 텍스트 편집기 프레임워크 [org.eclipse.ui.workbench.texteditor 3.16.600.v20220809-1658]
> Start DBeaver UI Editors - Data [org.jkiss.dbeaver.ui.editors.data 1.0.97.202301060755]
> Start DBeaver SQL Model [org.jkiss.dbeaver.model.sql 1.0.87.202301060755]
Warning: NLS unused message: actions_navigator__objects in: org.jkiss.dbeaver.ui.editors.sql.internal.SQLEditorMessages
> Start DBeaver UI Editors - SQL [org.jkiss.dbeaver.ui.editors.sql 1.0.97.202301060755]
> Start 핵심 비교 지원 [org.eclipse.compare.core 3.7.100.v20220812-1406]
> Start Equinox Java Authentication and Authorization Service (JAAS) [org.eclipse.equinox.security 1.3.1000.v20220801-1135]
> Start 인터넷 연결 관리 사용자 인터페이스 [org.eclipse.ui.net 1.4.100.v20220812-1406]
> Start Internet Connection Management [org.eclipse.core.net 1.4.0.v20220813-1037]
> Start DBeaver Sample Database [org.jkiss.dbeaver.ext.sample.database 1.0.134.202301060755]
> Start DBeaver Tip of the day [org.jkiss.dbeaver.ext.ui.tipoftheday 1.0.103.202301060755]
> Start Draw2d [org.eclipse.draw2dl 3.12.100.20221221122425]
> Start GEF3 GEF (MVC) [org.eclipse.gef3 3.12.100.20221221122425]
> Start DBeaver ERD UI [org.jkiss.dbeaver.erd.ui 3.0.57.202301060755]
> Start DBeaver ERD Model [org.jkiss.dbeaver.erd.model 1.0.57.202301060755]
2023-01-31 18:49:51.651 - Total database drivers: 101 (101)
> Start 콘솔 [org.eclipse.ui.console 3.11.400.v20221012-0524]
Warning: NLS unused message: InputStreamMonitor_label in: org.eclipse.debug.internal.core.DebugCoreMessages
Warning: NLS unused message: OutputStreamMonitor_label in: org.eclipse.debug.internal.core.DebugCoreMessages
> Start 디버그 핵심 [org.eclipse.debug.core 3.20.0.v20220811-0741]
Warning: NLS unused message: pref_page_database_resultsets_group_image in: org.jkiss.dbeaver.ui.editors.data.internal.DataEditorsResources
2023-01-31 18:49:52.294 - Connect with 'localhost' (oracle_thin-185e7d78f19-782c28ee2668130b)
> Start DBeaver Oracle Support [org.jkiss.dbeaver.ext.oracle 2.1.182.202301060755]
2023-01-31 18:49:52.327 - Execution context opened (localhost; Main; 0)
2023-01-31 18:49:52.707 - Execution context opened (localhost; Metadata; 1)
2023-01-31 18:49:52.768 - Connected (oracle_thin-185e7d78f19-782c28ee2668130b, Oracle JDBC driver [11.2.0.2.0])
2023-01-31 18:49:52.771 - Execution context opened (localhost; SQLEditor <reply.sql>; 2)
2023-01-31 18:49:54.253 - Open [https://dbeaver.io/product/version.xml]
> Start ICU4J Base [com.ibm.icu.base 58.2.0.v20170418-1837]
> Start DBeaver Oracle UI [org.jkiss.dbeaver.ext.oracle.ui 1.0.84.202301060755]
2023-01-31 18:50:02.820 - Can't get column 'DATA_DEFAULT': 스트림이 이미 종료되었습니다
2023-01-31 18:50:02.900 - Can't get column 'COLUMN_NAMES_NUMS': 부적합한 열 이름
2023-01-31 18:50:02.900 - Object 'BIN$67E1ERHUSkqMouUgJ4+qVQ==$0' owner 'BIN$6f16o1bMSl6Rz/Sj8d5WRg==$0' not found
2023-01-31 18:50:02.901 - Object 'BIN$AFaVudpxQ2WzCeyJZ9LxXQ==$0' owner 'BIN$lmVFL5QAQFm5tIRzrmc7GA==$0' not found
2023-01-31 18:50:02.901 - Object 'BIN$DawW3DmPSte3AZu5JK2YQg==$0' owner 'BIN$eAhnladiS56nzjDOZs95Kg==$0' not found
2023-01-31 18:50:02.901 - Object 'BIN$J9qHdlrJSbGkRpe2jx7mfw==$0' owner 'BIN$lmVFL5QAQFm5tIRzrmc7GA==$0' not found
2023-01-31 18:50:02.901 - Object 'BIN$J9qHdlrJSbGkRpe2jx7mfw==$0' owner 'BIN$lmVFL5QAQFm5tIRzrmc7GA==$0' not found
2023-01-31 18:50:03.100 - Error reading entity references
org.jkiss.dbeaver.model.sql.DBSQLException: SQL Error [1013] [72000]: ORA-01013: user requested cancel of current operation

	at org.jkiss.dbeaver.model.impl.jdbc.exec.JDBCPreparedStatementImpl.executeStatement(JDBCPreparedStatementImpl.java:208)
	at org.jkiss.dbeaver.model.impl.jdbc.cache.JDBCCompositeCache.loadObjects(JDBCCompositeCache.java:291)
	at org.jkiss.dbeaver.ext.oracle.model.OracleSchema$ForeignKeyCache.loadObjects(OracleSchema.java:1010)
	at org.jkiss.dbeaver.ext.oracle.model.OracleSchema$ForeignKeyCache.loadObjects(OracleSchema.java:1)
	at org.jkiss.dbeaver.model.impl.jdbc.cache.JDBCCompositeCache.getObjects(JDBCCompositeCache.java:120)
	at org.jkiss.dbeaver.ext.oracle.model.OracleTable.getReferences(OracleTable.java:330)
	at org.jkiss.dbeaver.model.virtual.DBVUtils.getAllReferences(DBVUtils.java:353)
	at org.jkiss.dbeaver.erd.model.ERDUtils.collectDatabaseTables(ERDUtils.java:221)
	at org.jkiss.dbeaver.erd.ui.editor.ERDEditorEmbedded.loadFromDatabase(ERDEditorEmbedded.java:228)
	at org.jkiss.dbeaver.erd.ui.editor.ERDEditorEmbedded$1.evaluate(ERDEditorEmbedded.java:173)
	at org.jkiss.dbeaver.erd.ui.editor.ERDEditorEmbedded$1.evaluate(ERDEditorEmbedded.java:1)
	at org.jkiss.dbeaver.ui.LoadingJob.run(LoadingJob.java:88)
	at org.jkiss.dbeaver.ui.LoadingJob.run(LoadingJob.java:72)
	at org.jkiss.dbeaver.model.runtime.AbstractJob.run(AbstractJob.java:105)
	at org.eclipse.core.internal.jobs.Worker.run(Worker.java:63)
Caused by: java.sql.SQLTimeoutException: ORA-01013: user requested cancel of current operation

	at oracle.jdbc.driver.T4CTTIoer.processError(T4CTTIoer.java:440)
	at oracle.jdbc.driver.T4CTTIoer.processError(T4CTTIoer.java:396)
	at oracle.jdbc.driver.T4C8Oall.processError(T4C8Oall.java:837)
	at oracle.jdbc.driver.T4CTTIfun.receive(T4CTTIfun.java:445)
	at oracle.jdbc.driver.T4CTTIfun.doRPC(T4CTTIfun.java:191)
	at oracle.jdbc.driver.T4C8Oall.doOALL(T4C8Oall.java:523)
	at oracle.jdbc.driver.T4CPreparedStatement.doOall8(T4CPreparedStatement.java:207)
	at oracle.jdbc.driver.T4CPreparedStatement.executeForDescribe(T4CPreparedStatement.java:859)
	at oracle.jdbc.driver.OracleStatement.executeMaybeDescribe(OracleStatement.java:1153)
	at oracle.jdbc.driver.OracleStatement.doExecuteWithTimeout(OracleStatement.java:1275)
	at oracle.jdbc.driver.OraclePreparedStatement.executeInternal(OraclePreparedStatement.java:3576)
	at oracle.jdbc.driver.OraclePreparedStatement.execute(OraclePreparedStatement.java:3677)
	at oracle.jdbc.driver.OraclePreparedStatementWrapper.execute(OraclePreparedStatementWrapper.java:1374)
	at org.jkiss.dbeaver.model.impl.jdbc.exec.JDBCPreparedStatementImpl.execute(JDBCPreparedStatementImpl.java:261)
	at org.jkiss.dbeaver.model.impl.jdbc.exec.JDBCPreparedStatementImpl.executeStatement(JDBCPreparedStatementImpl.java:205)
	... 14 more
2023-01-31 18:50:06.385 - Execution context closed (localhost, 2)
2023-01-31 18:50:06.717 - DBeaver is stopping
2023-01-31 18:50:06.717 - Stop RMI server
2023-01-31 18:50:06.721 - RMI controller has been stopped
2023-01-31 18:50:06.722 - DBeaver shutdown completed
