2023-02-15 17:23:04.786 - DBeaver 22.3.2.202301060755 is starting
2023-02-15 17:23:04.787 - OS: Windows 10 10.0 (amd64)
2023-02-15 17:23:04.788 - Java version: 11.0.12 by Eclipse Foundation (64bit)
2023-02-15 17:23:04.788 - Install path: 'C:\gb_0900_ksh\dbms\oracle\resource\dbeaver'
2023-02-15 17:23:04.788 - Instance path: 'file:/C:/gb_0900_ksh/dbms/oracle/workspace/'
2023-02-15 17:23:04.788 - Memory available 64Mb/1024Mb
2023-02-15 17:23:04.798 - Create display
2023-02-15 17:23:04.893 - Initializing DBeaver 22.3.2
2023-02-15 17:23:04.894 - Host plugin: org.jkiss.dbeaver.ui.app.standalone 22.3.2.202301060755
2023-02-15 17:23:04.894 - Initialize desktop platform...
2023-02-15 17:23:05.025 - BounceCastle bundle found. Use JCE provider BC
> Start Core File Systems [org.eclipse.core.filesystem 1.9.500.v20220817-1539]
> Start Core Resource Management [org.eclipse.core.resources 3.18.100.v20221025-2047]
> Start 팀 지원 핵심 [org.eclipse.team.core 3.9.600.v20220902-2219]
> Start DBeaver UI Navigator [org.jkiss.dbeaver.ui.navigator 1.0.97.202301060755]
2023-02-15 17:23:05.187 - Initialize base platform...
> Start Expression Language [org.eclipse.core.expressions 3.8.200.v20220613-1047]
2023-02-15 17:23:05.203 - Platform initialized (309ms)
> Start DBeaver UI Editors - Base [org.jkiss.dbeaver.ui.editors.base 1.0.97.202301060755]
2023-02-15 17:23:05.209 - Starting RMI server at 60698
2023-02-15 17:23:05.341 - Run workbench
> Start Eclipse e4 작업영역 SWT [org.eclipse.e4.ui.workbench.swt 0.16.700.v20221024-2137]
> Start Eclipse Application Services [org.eclipse.e4.core.services 2.3.400.v20220915-1347]
> Start Eclipse UI Application Services [org.eclipse.e4.ui.services 1.5.100.v20221024-2137]
> Start Eclipse e4 Progress View [org.eclipse.e4.ui.progress 0.3.600.v20221024-2137]
> Start EMF XML/XMI Persistence [org.eclipse.emf.ecore.xmi 2.17.0.v20220817-1334]
> Start Eclipse CSS SWT Theme Support [org.eclipse.e4.ui.css.swt.theme 0.13.200.v20221024-2137]
> Start Eclipse e4 작업영역 기능 추가 [org.eclipse.e4.ui.workbench.addons.swt 1.4.500.v20221028-0801]
> Start Eclipse e4 작업영역 SWT 렌더러 [org.eclipse.e4.ui.workbench.renderers.swt 0.15.700.v20221024-2137]
> Start Eclipse Bindings Support [org.eclipse.e4.ui.bindings 0.13.200.v20221024-2137]
> Start Eclipse Dependency Injection Extensions [org.eclipse.e4.core.di.extensions 0.17.200.v20220613-1008]
> Start Eclipse CSS SWT Support [org.eclipse.e4.ui.css.swt 0.14.700.v20221102-0748]
> Start DBeaver UI [org.jkiss.dbeaver.ui 5.1.112.202301060755]
> Start Java Native Access [com.sun.jna 5.12.1.v20221103-2317]
Warning: NLS unused message: BlockedJobsDialog_UserInterfaceTreeElement in: org.eclipse.ui.internal.progress.messages
2023-02-15 17:23:06.518 - Configure workbench window
> Start 도움말 시스템 코어 [org.eclipse.help 3.9.100.v20210721-0601]
2023-02-15 17:23:06.585 - Create actions
2023-02-15 17:23:06.589 - Disable Eclipse action set 'org.eclipse.ui.edit.text.actionSet.annotationNavigation'
2023-02-15 17:23:06.589 - Disable Eclipse action set 'org.eclipse.ui.WorkingSetActionSet'
2023-02-15 17:23:06.589 - Disable Eclipse action set 'org.eclipse.ui.actionSet.openFiles'
2023-02-15 17:23:06.909 - Initialize workbench window
2023-02-15 17:23:06.914 - Finish initialization
> Start 기본 문서 편집기 [org.eclipse.ui.editors 3.14.400.v20220730-1844]
> Start 텍스트 편집기 프레임워크 [org.eclipse.ui.workbench.texteditor 3.16.600.v20220809-1658]
> Start DBeaver UI Editors - Data [org.jkiss.dbeaver.ui.editors.data 1.0.97.202301060755]
> Start DBeaver SQL Model [org.jkiss.dbeaver.model.sql 1.0.87.202301060755]
Warning: NLS unused message: actions_navigator__objects in: org.jkiss.dbeaver.ui.editors.sql.internal.SQLEditorMessages
> Start DBeaver UI Editors - SQL [org.jkiss.dbeaver.ui.editors.sql 1.0.97.202301060755]
> Start 핵심 비교 지원 [org.eclipse.compare.core 3.7.100.v20220812-1406]
> Start Equinox Java Authentication and Authorization Service (JAAS) [org.eclipse.equinox.security 1.3.1000.v20220801-1135]
> Start 인터넷 연결 관리 사용자 인터페이스 [org.eclipse.ui.net 1.4.100.v20220812-1406]
> Start Internet Connection Management [org.eclipse.core.net 1.4.0.v20220813-1037]
> Start DBeaver Sample Database [org.jkiss.dbeaver.ext.sample.database 1.0.134.202301060755]
> Start DBeaver Tip of the day [org.jkiss.dbeaver.ext.ui.tipoftheday 1.0.103.202301060755]
> Start Draw2d [org.eclipse.draw2dl 3.12.100.20221221122425]
> Start GEF3 GEF (MVC) [org.eclipse.gef3 3.12.100.20221221122425]
> Start DBeaver ERD UI [org.jkiss.dbeaver.erd.ui 3.0.57.202301060755]
> Start DBeaver ERD Model [org.jkiss.dbeaver.erd.model 1.0.57.202301060755]
2023-02-15 17:23:08.408 - Total database drivers: 101 (101)
> Start 콘솔 [org.eclipse.ui.console 3.11.400.v20221012-0524]
Warning: NLS unused message: InputStreamMonitor_label in: org.eclipse.debug.internal.core.DebugCoreMessages
Warning: NLS unused message: OutputStreamMonitor_label in: org.eclipse.debug.internal.core.DebugCoreMessages
> Start 디버그 핵심 [org.eclipse.debug.core 3.20.0.v20220811-0741]
Warning: NLS unused message: pref_page_database_resultsets_group_image in: org.jkiss.dbeaver.ui.editors.data.internal.DataEditorsResources
2023-02-15 17:23:08.869 - Connect with 'localhost' (oracle_thin-18653fa14df-e32dc4ccc0ea380)
> Start DBeaver Oracle Support [org.jkiss.dbeaver.ext.oracle 2.1.182.202301060755]
2023-02-15 17:23:08.900 - Execution context opened (localhost; Main; 0)
2023-02-15 17:23:09.264 - Execution context opened (localhost; Metadata; 1)
2023-02-15 17:23:09.319 - Connected (oracle_thin-18653fa14df-e32dc4ccc0ea380, Oracle JDBC driver [11.2.0.2.0])
2023-02-15 17:23:09.322 - Execution context opened (localhost; SQLEditor <member.sql>; 2)
2023-02-15 17:23:16.930 - Execution context closed (localhost, 2)
2023-02-15 17:23:17.234 - DBeaver is stopping
2023-02-15 17:23:17.234 - Stop RMI server
2023-02-15 17:23:17.236 - RMI controller has been stopped
2023-02-15 17:23:17.239 - DBeaver shutdown completed
